Traceback (most recent call last):
  File "/home/kellner/Research/UQ_subsampling/toy_convergence/MVE_NLL_3/run.py", line 43, in <module>
    model_shallow, loss_curve_shallow_ens_NLL = fit_model_NLL(x,y,nn=MLP_mean_var ,\
                                                ^^^^^^^^^^^^^^^^^^^^^^^^^^^^^^^^^^^^
  File "/home/kellner/Research/UQ_subsampling/toy_convergence/MVE_NLL_3/../../model/utils_modified.py", line 273, in fit_model_NLL
    mean, var = model(x)
                ^^^^^^^^
  File "/home/kellner/miniconda3/envs/science/lib/python3.11/site-packages/torch/nn/modules/module.py", line 1518, in _wrapped_call_impl
    return self._call_impl(*args, **kwargs)
           ^^^^^^^^^^^^^^^^^^^^^^^^^^^^^^^^
  File "/home/kellner/miniconda3/envs/science/lib/python3.11/site-packages/torch/nn/modules/module.py", line 1527, in _call_impl
    return forward_call(*args, **kwargs)
           ^^^^^^^^^^^^^^^^^^^^^^^^^^^^^
  File "/home/kellner/Research/UQ_subsampling/toy_convergence/MVE_NLL_3/../../model/mlp.py", line 346, in forward
    x_hidden = self.nn(x)
               ^^^^^^^^^^
  File "/home/kellner/miniconda3/envs/science/lib/python3.11/site-packages/torch/nn/modules/module.py", line 1518, in _wrapped_call_impl
    return self._call_impl(*args, **kwargs)
           ^^^^^^^^^^^^^^^^^^^^^^^^^^^^^^^^
  File "/home/kellner/miniconda3/envs/science/lib/python3.11/site-packages/torch/nn/modules/module.py", line 1527, in _call_impl
    return forward_call(*args, **kwargs)
           ^^^^^^^^^^^^^^^^^^^^^^^^^^^^^
  File "/home/kellner/miniconda3/envs/science/lib/python3.11/site-packages/torch/nn/modules/container.py", line 215, in forward
    input = module(input)
            ^^^^^^^^^^^^^
  File "/home/kellner/miniconda3/envs/science/lib/python3.11/site-packages/torch/nn/modules/module.py", line 1518, in _wrapped_call_impl
    return self._call_impl(*args, **kwargs)
           ^^^^^^^^^^^^^^^^^^^^^^^^^^^^^^^^
  File "/home/kellner/miniconda3/envs/science/lib/python3.11/site-packages/torch/nn/modules/module.py", line 1527, in _call_impl
    return forward_call(*args, **kwargs)
           ^^^^^^^^^^^^^^^^^^^^^^^^^^^^^
  File "/home/kellner/miniconda3/envs/science/lib/python3.11/site-packages/torch/nn/modules/activation.py", line 356, in forward
    return torch.tanh(input)
           ^^^^^^^^^^^^^^^^^
KeyboardInterrupt
