Traceback (most recent call last):
  File "/home/kellner/Research/UQ_subsampling/toy_convergence/MVE_NLL_1/run.py", line 43, in <module>
    model_shallow, loss_curve_shallow_ens_NLL = fit_model_NLL(x,y,nn=MLP_mean_var ,\
                                                ^^^^^^^^^^^^^^^^^^^^^^^^^^^^^^^^^^^^
  File "/home/kellner/Research/UQ_subsampling/toy_convergence/MVE_NLL_1/../../model/utils_modified.py", line 267, in fit_model_NLL
    for epoch in range(epochs):
                 ^^^^^^^^^^^^^
TypeError: 'NoneType' object cannot be interpreted as an integer
Traceback (most recent call last):
  File "/home/kellner/Research/UQ_subsampling/toy_convergence/MVE_NLL_1/run.py", line 43, in <module>
    model_shallow, loss_curve_shallow_ens_NLL = fit_model_NLL(x,y,nn=MLP_mean_var ,\
                                                ^^^^^^^^^^^^^^^^^^^^^^^^^^^^^^^^^^^^
  File "/home/kellner/Research/UQ_subsampling/toy_convergence/MVE_NLL_1/../../model/utils_modified.py", line 273, in fit_model_NLL
    mean, var = model(x)
                ^^^^^^^^
  File "/home/kellner/miniconda3/envs/science/lib/python3.11/site-packages/torch/nn/modules/module.py", line 1518, in _wrapped_call_impl
    return self._call_impl(*args, **kwargs)
           ^^^^^^^^^^^^^^^^^^^^^^^^^^^^^^^^
  File "/home/kellner/miniconda3/envs/science/lib/python3.11/site-packages/torch/nn/modules/module.py", line 1527, in _call_impl
    return forward_call(*args, **kwargs)
           ^^^^^^^^^^^^^^^^^^^^^^^^^^^^^
  File "/home/kellner/Research/UQ_subsampling/toy_convergence/MVE_NLL_1/../../model/mlp.py", line 346, in forward
    x_hidden = self.nn(x)
               ^^^^^^^^^^
  File "/home/kellner/miniconda3/envs/science/lib/python3.11/site-packages/torch/nn/modules/module.py", line 1518, in _wrapped_call_impl
    return self._call_impl(*args, **kwargs)
           ^^^^^^^^^^^^^^^^^^^^^^^^^^^^^^^^
  File "/home/kellner/miniconda3/envs/science/lib/python3.11/site-packages/torch/nn/modules/module.py", line 1527, in _call_impl
    return forward_call(*args, **kwargs)
           ^^^^^^^^^^^^^^^^^^^^^^^^^^^^^
  File "/home/kellner/miniconda3/envs/science/lib/python3.11/site-packages/torch/nn/modules/container.py", line 215, in forward
    input = module(input)
            ^^^^^^^^^^^^^
  File "/home/kellner/miniconda3/envs/science/lib/python3.11/site-packages/torch/nn/modules/module.py", line 1518, in _wrapped_call_impl
    return self._call_impl(*args, **kwargs)
           ^^^^^^^^^^^^^^^^^^^^^^^^^^^^^^^^
  File "/home/kellner/miniconda3/envs/science/lib/python3.11/site-packages/torch/nn/modules/module.py", line 1527, in _call_impl
    return forward_call(*args, **kwargs)
           ^^^^^^^^^^^^^^^^^^^^^^^^^^^^^
  File "/home/kellner/miniconda3/envs/science/lib/python3.11/site-packages/torch/nn/modules/activation.py", line 356, in forward
    return torch.tanh(input)
           ^^^^^^^^^^^^^^^^^
KeyboardInterrupt
Traceback (most recent call last):
  File "/home/kellner/Research/UQ_subsampling/toy_convergence/MVE_NLL_1/run.py", line 43, in <module>
    model_shallow, loss_curve_shallow_ens_NLL = fit_model_NLL(x,y,nn=MLP_mean_var ,\
                                                ^^^^^^^^^^^^^^^^^^^^^^^^^^^^^^^^^^^^
  File "/home/kellner/Research/UQ_subsampling/toy_convergence/MVE_NLL_1/../../model/utils_modified.py", line 268, in fit_model_NLL
    for batch in dataloader:
  File "/home/kellner/miniconda3/envs/science/lib/python3.11/site-packages/torch/utils/data/dataloader.py", line 630, in __next__
    data = self._next_data()
           ^^^^^^^^^^^^^^^^^
  File "/home/kellner/miniconda3/envs/science/lib/python3.11/site-packages/torch/utils/data/dataloader.py", line 674, in _next_data
    data = self._dataset_fetcher.fetch(index)  # may raise StopIteration
           ^^^^^^^^^^^^^^^^^^^^^^^^^^^^^^^^^^
  File "/home/kellner/miniconda3/envs/science/lib/python3.11/site-packages/torch/utils/data/_utils/fetch.py", line 51, in fetch
    data = [self.dataset[idx] for idx in possibly_batched_index]
           ^^^^^^^^^^^^^^^^^^^^^^^^^^^^^^^^^^^^^^^^^^^^^^^^^^^^^
  File "/home/kellner/miniconda3/envs/science/lib/python3.11/site-packages/torch/utils/data/_utils/fetch.py", line 51, in <listcomp>
    data = [self.dataset[idx] for idx in possibly_batched_index]
            ~~~~~~~~~~~~^^^^^
  File "/home/kellner/miniconda3/envs/science/lib/python3.11/site-packages/torch/utils/data/dataset.py", line 208, in __getitem__
    return tuple(tensor[index] for tensor in self.tensors)
           ^^^^^^^^^^^^^^^^^^^^^^^^^^^^^^^^^^^^^^^^^^^^^^^
  File "/home/kellner/miniconda3/envs/science/lib/python3.11/site-packages/torch/utils/data/dataset.py", line 208, in <genexpr>
    return tuple(tensor[index] for tensor in self.tensors)
                ^^^^^^^^^^^^^^^^^^^^^^^^^^^^^^^^^^^^^^^^^^
KeyboardInterrupt
